2026-06-06T01:53:32.351932Z START task_id=20260606-3665177d type=backup
2026-06-06T01:53:32.386531Z START task_id=20260606-ffdd7394 type=deploy
2026-06-06T01:53:34.355202Z SUCCESS task_id=20260606-3665177d type=backup
2026-06-06T01:53:34.359590Z START task_id=20260606-094e5454 type=cleanup
2026-06-06T01:53:34.389717Z SUCCESS task_id=20260606-ffdd7394 type=deploy
2026-06-06T01:53:34.393408Z START task_id=20260606-453d5692 type=cleanup
2026-06-06T01:53:36.361426Z SUCCESS task_id=20260606-094e5454 type=cleanup
2026-06-06T01:53:36.365180Z START task_id=20260606-467c930f type=cleanup
2026-06-06T01:53:36.395056Z SUCCESS task_id=20260606-453d5692 type=cleanup
2026-06-06T01:53:38.367093Z SUCCESS task_id=20260606-467c930f type=cleanup
2026-06-06T01:54:22.160297Z START task_id=20260606-f200365d type=backup
2026-06-06T01:54:22.196079Z START task_id=20260606-ead3b833 type=deploy
2026-06-06T01:54:24.163556Z SUCCESS task_id=20260606-f200365d type=backup
2026-06-06T01:54:24.167367Z START task_id=20260606-77ed410e type=cleanup
2026-06-06T01:54:24.200041Z SUCCESS task_id=20260606-ead3b833 type=deploy
2026-06-06T01:54:24.203992Z START task_id=20260606-95c2d43a type=cleanup
2026-06-06T01:54:26.169097Z SUCCESS task_id=20260606-77ed410e type=cleanup
2026-06-06T01:54:26.172364Z START task_id=20260606-fade0712 type=cleanup
2026-06-06T01:54:26.205710Z SUCCESS task_id=20260606-95c2d43a type=cleanup
2026-06-06T01:54:28.174286Z SUCCESS task_id=20260606-fade0712 type=cleanup
